<?xml version="1.0" encoding="UTF-8"?>
<!-- Generated by org.testng.reporters.JUnitXMLReporter -->
<testsuite hostname="gustavo-184" ignored="2" name="Grupo de teste 4: com usuario 2 não paralelizado" tests="50" failures="3" timestamp="21 nov 2018 17:21:36 GMT" time="43.708" errors="0">
  <testcase name="abrirRotinaAoAcessarPortal" time="26.85" classname="br.com.projedata.arcturus.teste.testes.TestePortal">
    <failure type="org.openqa.selenium.TimeoutException" message="Expected condition failed: waiting for element to no longer be visible: By.xpath: //div[@class=&amp;apos;loader&amp;apos;] (tried for 15 second(s) with 500 milliseconds interval)">
      <![CDATA[org.openqa.selenium.TimeoutException: Expected condition failed: waiting for element to no longer be visible: By.xpath: //div[@class='loader'] (tried for 15 second(s) with 500 milliseconds interval)
at org.openqa.selenium.support.ui.WebDriverWait.timeoutException(WebDriverWait.java:113)
at org.openqa.selenium.support.ui.FluentWait.until(FluentWait.java:283)
at br.com.projedata.teste.util.recursos.Espera.aguardarElementoDesaparecer(Espera.java:161)
at br.com.projedata.teste.util.recursos.Espera.aguardarSistemaCarregar(Espera.java:331)
at br.com.projedata.teste.util.recursos.Rotina.selecionarRotina(Rotina.java:320)
at br.com.projedata.arcturus.teste.testes.TestePortal.abrirRotinaAoAcessarPortal(TestePortal.java:109)
at java.util.concurrent.FutureTask.run(FutureTask.java:266)
at java.util.concurrent.ThreadPoolExecutor.runWorker(ThreadPoolExecutor.java:1149)
at java.util.concurrent.ThreadPoolExecutor$Worker.run(ThreadPoolExecutor.java:624)
at java.lang.Thread.run(Thread.java:748)
Caused by: org.openqa.selenium.NoSuchWindowException: no such window: target window already closed
from unknown error: web view not found
  (Session info: chrome=66.0.3359.139)
  (Driver info: chromedriver=2.38.552522 (437e6fbedfa8762dec75e2c5b3ddb86763dc9dcb),platform=Linux 4.15.0-39-generic x86_64) (WARNING: The server did not provide any stacktrace information)
Command duration or timeout: 0 milliseconds
Build info: version: '3.14.0', revision: 'aacccce0', time: '2018-08-02T20:19:58.91Z'
System info: host: 'gustavo-184', ip: '127.0.1.1', os.name: 'Linux', os.arch: 'amd64', os.version: '4.15.0-39-generic', java.version: '1.8.0_172'
Driver info: org.openqa.selenium.chrome.ChromeDriver
Capabilities {acceptInsecureCerts: false, acceptSslCerts: false, applicationCacheEnabled: false, browserConnectionEnabled: false, browserName: chrome, chrome: {chromedriverVersion: 2.38.552522 (437e6fbedfa876..., userDataDir: /tmp/.org.chromium.Chromium...}, cssSelectorsEnabled: true, databaseEnabled: false, handlesAlerts: true, hasTouchScreen: false, javascriptEnabled: true, locationContextEnabled: true, mobileEmulationEnabled: false, nativeEvents: true, networkConnectionEnabled: false, pageLoadStrategy: normal, platform: LINUX, platformName: LINUX, rotatable: false, setWindowRect: true, takesHeapSnapshot: true, takesScreenshot: true, unexpectedAlertBehaviour: , unhandledPromptBehavior: , version: 66.0.3359.139, webStorageEnabled: true}
Session ID: e0abc28ee3833e0378659e32715722e0
*** Element info: {Using=xpath, value=//div[@class='loader']}
at org.openqa.selenium.remote.ErrorHandler.createThrowable(ErrorHandler.java:214)
at org.openqa.selenium.remote.ErrorHandler.throwIfResponseFailed(ErrorHandler.java:166)
at org.openqa.selenium.remote.http.JsonHttpResponseCodec.reconstructValue(JsonHttpResponseCodec.java:40)
at org.openqa.selenium.remote.http.AbstractHttpResponseCodec.decode(AbstractHttpResponseCodec.java:80)
at org.openqa.selenium.remote.http.AbstractHttpResponseCodec.decode(AbstractHttpResponseCodec.java:44)
at org.openqa.selenium.remote.HttpCommandExecutor.execute(HttpCommandExecutor.java:158)
at org.openqa.selenium.remote.service.DriverCommandExecutor.execute(DriverCommandExecutor.java:83)
at org.openqa.selenium.remote.RemoteWebDriver.execute(RemoteWebDriver.java:548)
at org.openqa.selenium.remote.RemoteWebDriver.findElements(RemoteWebDriver.java:349)
at org.openqa.selenium.remote.RemoteWebDriver.findElementsByXPath(RemoteWebDriver.java:428)
at org.openqa.selenium.By$ByXPath.findElements(By.java:348)
at org.openqa.selenium.remote.RemoteWebDriver.findElements(RemoteWebDriver.java:310)
at org.openqa.selenium.support.ui.ExpectedConditions.findElement(ExpectedConditions.java:895)
at org.openqa.selenium.support.ui.ExpectedConditions.access$000(ExpectedConditions.java:44)
at org.openqa.selenium.support.ui.ExpectedConditions$20.apply(ExpectedConditions.java:593)
at org.openqa.selenium.support.ui.ExpectedConditions$20.apply(ExpectedConditions.java:589)
at org.openqa.selenium.support.ui.FluentWait.until(FluentWait.java:260)
... 24 more
... Removed 19 stack frames]]>
    </failure>
  </testcase> <!-- abrirRotinaAoAcessarPortal -->
  <testcase name="excluirEventoAbrirRotina" time="0.0" classname="br.com.projedata.arcturus.teste.testes.TestePortal">
    <skipped/>
  </testcase> <!-- excluirEventoAbrirRotina -->
  <testcase name="ativarDesativarPaineis" time="0.0" classname="br.com.projedata.arcturus.teste.testes.TestePortal">
    <skipped/>
  </testcase> <!-- ativarDesativarPaineis -->
  <testcase name="atualizarPainelViaComando" time="0.0" classname="br.com.projedata.arcturus.teste.testes.TestePortal">
    <skipped/>
  </testcase> <!-- atualizarPainelViaComando -->
  <testcase name="alterarEstiloDoPortal" time="0.0" classname="br.com.projedata.arcturus.teste.testes.TestePortal">
    <skipped/>
  </testcase> <!-- alterarEstiloDoPortal -->
  <testcase name="retornarAoEstiloOriginal" time="0.0" classname="br.com.projedata.arcturus.teste.testes.TestePortal">
    <skipped/>
  </testcase> <!-- retornarAoEstiloOriginal -->
  <testcase name="alterarSenhaSenhaAtualInvalida" time="0.0" classname="br.com.projedata.arcturus.teste.testes.TestePortal">
    <skipped/>
  </testcase> <!-- alterarSenhaSenhaAtualInvalida -->
  <testcase name="alterarSenha" time="0.0" classname="br.com.projedata.arcturus.teste.testes.TestePortal">
    <skipped/>
  </testcase> <!-- alterarSenha -->
  <testcase name="senhaEconfirmarSenhaDiferentes" time="0.0" classname="br.com.projedata.arcturus.teste.testes.TestePortal">
    <skipped/>
  </testcase> <!-- senhaEconfirmarSenhaDiferentes -->
  <testcase name="acessarPortalComSenhaAntiga" time="0.0" classname="br.com.projedata.arcturus.teste.testes.TestePortal">
    <skipped/>
  </testcase> <!-- acessarPortalComSenhaAntiga -->
  <testcase name="acessarPortalComNovaSenha" time="0.0" classname="br.com.projedata.arcturus.teste.testes.TestePortal">
    <skipped/>
  </testcase> <!-- acessarPortalComNovaSenha -->
  <testcase name="retornarSenhaAntiga" time="0.0" classname="br.com.projedata.arcturus.teste.testes.TestePortal">
    <skipped/>
  </testcase> <!-- retornarSenhaAntiga -->
  <testcase name="acessarRotinaPeloMenu" time="0.0" classname="br.com.projedata.arcturus.teste.testes.TestePortal">
    <skipped/>
  </testcase> <!-- acessarRotinaPeloMenu -->
  <testcase name="trocarDeEmpresa" time="0.0" classname="br.com.projedata.arcturus.teste.testes.TestePortal">
    <skipped/>
  </testcase> <!-- trocarDeEmpresa -->
  <testcase name="testarEventoAlterarEmpresa" time="0.0" classname="br.com.projedata.arcturus.teste.testes.TestePortal">
    <skipped/>
  </testcase> <!-- testarEventoAlterarEmpresa -->
  <testcase name="usuarioSemEmpresaPadraoInformada" time="0.0" classname="br.com.projedata.arcturus.teste.testes.TestePortal">
    <skipped/>
  </testcase> <!-- usuarioSemEmpresaPadraoInformada -->
  <testcase name="abrirListaDeRotinasPeloShiftF3" time="0.0" classname="br.com.projedata.arcturus.teste.testes.TestePortal">
    <skipped/>
  </testcase> <!-- abrirListaDeRotinasPeloShiftF3 -->
  <testcase name="selecionarRotinaComASetaDoTeclado" time="0.0" classname="br.com.projedata.arcturus.teste.testes.TestePortal">
    <skipped/>
  </testcase> <!-- selecionarRotinaComASetaDoTeclado -->
  <testcase name="fecharMenuAoClicarFora" time="0.0" classname="br.com.projedata.arcturus.teste.testes.TestePortal">
    <skipped/>
  </testcase> <!-- fecharMenuAoClicarFora -->
  <testcase name="verificarWidGetsAoTrocarDeEmpresa" time="0.0" classname="br.com.projedata.arcturus.teste.testes.TestePortal">
    <skipped/>
  </testcase> <!-- verificarWidGetsAoTrocarDeEmpresa -->
  <testcase name="alterarCorPainelPortal" time="0.0" classname="br.com.projedata.arcturus.teste.testes.TestePortal">
    <skipped/>
  </testcase> <!-- alterarCorPainelPortal -->
  <testcase name="testeNotificacao" time="0.0" classname="br.com.projedata.arcturus.teste.testes.TestePortal">
    <skipped/>
  </testcase> <!-- testeNotificacao -->
  <testcase name="abrirRotinaAoAbrirPortalParametrizadoPelaUrl" time="0.0" classname="br.com.projedata.arcturus.teste.testes.TestePortal">
    <skipped/>
  </testcase> <!-- abrirRotinaAoAbrirPortalParametrizadoPelaUrl -->
  <testcase name="abrirRotinaParametrizadoPelaUrlComUsuarioLogado" time="0.0" classname="br.com.projedata.arcturus.teste.testes.TestePortal">
    <skipped/>
  </testcase> <!-- abrirRotinaParametrizadoPelaUrlComUsuarioLogado -->
  <testcase name="abrirRotinaPelaUrlSemParametro" time="0.0" classname="br.com.projedata.arcturus.teste.testes.TestePortal">
    <skipped/>
  </testcase> <!-- abrirRotinaPelaUrlSemParametro -->
  <testcase name="abrirRotinaPelaUrlSemParametroComUsuarioLogado" time="0.0" classname="br.com.projedata.arcturus.teste.testes.TestePortal">
    <skipped/>
  </testcase> <!-- abrirRotinaPelaUrlSemParametroComUsuarioLogado -->
  <testcase name="acessarSistema" time="1.05" classname="br.com.projedata.arcturus.teste.testes.TesteInternacionalizacao">
    <failure type="org.openqa.selenium.NoSuchWindowException" message="no such window: target window already closed
from unknown error: web view not found
  (Session info: chrome=66.0.3359.139)
  (Driver info: chromedriver=2.38.552522 (437e6fbedfa8762dec75e2c5b3ddb86763dc9dcb),platform=Linux 4.15.0-39-generic x86_64) (WARNING: The server did not provide any stacktrace information)
Command duration or timeout: 0 milliseconds
Build info: version: &amp;apos;3.14.0&amp;apos;, revision: &amp;apos;aacccce0&amp;apos;, time: &amp;apos;2018-08-02T20:19:58.91Z&amp;apos;
System info: host: &amp;apos;gustavo-184&amp;apos;, ip: &amp;apos;127.0.1.1&amp;apos;, os.name: &amp;apos;Linux&amp;apos;, os.arch: &amp;apos;amd64&amp;apos;, os.version: &amp;apos;4.15.0-39-generic&amp;apos;, java.version: &amp;apos;1.8.0_172&amp;apos;
Driver info: org.openqa.selenium.chrome.ChromeDriver
Capabilities {acceptInsecureCerts: false, acceptSslCerts: false, applicationCacheEnabled: false, browserConnectionEnabled: false, browserName: chrome, chrome: {chromedriverVersion: 2.38.552522 (437e6fbedfa876..., userDataDir: /tmp/.org.chromium.Chromium...}, cssSelectorsEnabled: true, databaseEnabled: false, handlesAlerts: true, hasTouchScreen: false, javascriptEnabled: true, locationContextEnabled: true, mobileEmulationEnabled: false, nativeEvents: true, networkConnectionEnabled: false, pageLoadStrategy: normal, platform: LINUX, platformName: LINUX, rotatable: false, setWindowRect: true, takesHeapSnapshot: true, takesScreenshot: true, unexpectedAlertBehaviour: , unhandledPromptBehavior: , version: 66.0.3359.139, webStorageEnabled: true}
Session ID: df908fa6d2f24f49b8c50859b73bb879
*** Element info: {Using=id, value=inputBase}">
      <![CDATA[org.openqa.selenium.NoSuchWindowException: no such window: target window already closed
from unknown error: web view not found
  (Session info: chrome=66.0.3359.139)
  (Driver info: chromedriver=2.38.552522 (437e6fbedfa8762dec75e2c5b3ddb86763dc9dcb),platform=Linux 4.15.0-39-generic x86_64) (WARNING: The server did not provide any stacktrace information)
Command duration or timeout: 0 milliseconds
Build info: version: '3.14.0', revision: 'aacccce0', time: '2018-08-02T20:19:58.91Z'
System info: host: 'gustavo-184', ip: '127.0.1.1', os.name: 'Linux', os.arch: 'amd64', os.version: '4.15.0-39-generic', java.version: '1.8.0_172'
Driver info: org.openqa.selenium.chrome.ChromeDriver
Capabilities {acceptInsecureCerts: false, acceptSslCerts: false, applicationCacheEnabled: false, browserConnectionEnabled: false, browserName: chrome, chrome: {chromedriverVersion: 2.38.552522 (437e6fbedfa876..., userDataDir: /tmp/.org.chromium.Chromium...}, cssSelectorsEnabled: true, databaseEnabled: false, handlesAlerts: true, hasTouchScreen: false, javascriptEnabled: true, locationContextEnabled: true, mobileEmulationEnabled: false, nativeEvents: true, networkConnectionEnabled: false, pageLoadStrategy: normal, platform: LINUX, platformName: LINUX, rotatable: false, setWindowRect: true, takesHeapSnapshot: true, takesScreenshot: true, unexpectedAlertBehaviour: , unhandledPromptBehavior: , version: 66.0.3359.139, webStorageEnabled: true}
Session ID: df908fa6d2f24f49b8c50859b73bb879
*** Element info: {Using=id, value=inputBase}
at org.openqa.selenium.remote.ErrorHandler.createThrowable(ErrorHandler.java:214)
at org.openqa.selenium.remote.ErrorHandler.throwIfResponseFailed(ErrorHandler.java:166)
at org.openqa.selenium.remote.http.JsonHttpResponseCodec.reconstructValue(JsonHttpResponseCodec.java:40)
at org.openqa.selenium.remote.http.AbstractHttpResponseCodec.decode(AbstractHttpResponseCodec.java:80)
at org.openqa.selenium.remote.http.AbstractHttpResponseCodec.decode(AbstractHttpResponseCodec.java:44)
at org.openqa.selenium.remote.HttpCommandExecutor.execute(HttpCommandExecutor.java:158)
at org.openqa.selenium.remote.service.DriverCommandExecutor.execute(DriverCommandExecutor.java:83)
at org.openqa.selenium.remote.RemoteWebDriver.execute(RemoteWebDriver.java:548)
at org.openqa.selenium.remote.RemoteWebDriver.findElement(RemoteWebDriver.java:322)
at org.openqa.selenium.remote.RemoteWebDriver.findElementById(RemoteWebDriver.java:368)
at org.openqa.selenium.By$ById.findElement(By.java:188)
at org.openqa.selenium.remote.RemoteWebDriver.findElement(RemoteWebDriver.java:314)
at br.com.projedata.teste.util.recursos.Acao.localizarElemento(Acao.java:33)
at br.com.projedata.teste.util.recursos.Acao.escreverNoElemento(Acao.java:51)
at br.com.projedata.teste.util.recursos.Acao.limparElemento(Acao.java:226)
at br.com.projedata.arcturus.teste.metodosgenericos.LoginMetodos.preencherCamposLogin(LoginMetodos.java:102)
at br.com.projedata.arcturus.teste.metodosgenericos.LoginMetodos.logar(LoginMetodos.java:53)
at br.com.projedata.arcturus.teste.testes.TesteInternacionalizacao.acessarSistema(TesteInternacionalizacao.java:77)
at java.util.concurrent.FutureTask.run(FutureTask.java:266)
at java.util.concurrent.ThreadPoolExecutor.runWorker(ThreadPoolExecutor.java:1149)
at java.util.concurrent.ThreadPoolExecutor$Worker.run(ThreadPoolExecutor.java:624)
at java.lang.Thread.run(Thread.java:748)
... Removed 19 stack frames]]>
    </failure>
  </testcase> <!-- acessarSistema -->
  <testcase name="alterarIdiomaParaEspanhol" time="0.0" classname="br.com.projedata.arcturus.teste.testes.TesteInternacionalizacao">
    <skipped/>
  </testcase> <!-- alterarIdiomaParaEspanhol -->
  <testcase name="alterarIdiomaParaIngles" time="0.0" classname="br.com.projedata.arcturus.teste.testes.TesteInternacionalizacao">
    <skipped/>
  </testcase> <!-- alterarIdiomaParaIngles -->
  <testcase name="alterarIdiomaParaPortugues" time="0.0" classname="br.com.projedata.arcturus.teste.testes.TesteInternacionalizacao">
    <skipped/>
  </testcase> <!-- alterarIdiomaParaPortugues -->
  <testcase name="verificarRotinaTraduzidaParaIngles" time="0.0" classname="br.com.projedata.arcturus.teste.testes.TesteInternacionalizacao">
    <skipped/>
  </testcase> <!-- verificarRotinaTraduzidaParaIngles -->
  <testcase name="verificarRotinaTraduzidaParaEspanhol" time="0.0" classname="br.com.projedata.arcturus.teste.testes.TesteInternacionalizacao">
    <skipped/>
  </testcase> <!-- verificarRotinaTraduzidaParaEspanhol -->
  <testcase name="verificarRotinaTraduzidaParaPortugues" time="0.0" classname="br.com.projedata.arcturus.teste.testes.TesteInternacionalizacao">
    <skipped/>
  </testcase> <!-- verificarRotinaTraduzidaParaPortugues -->
  <testcase name="verificarTelaDeLoginIngles" time="0.001" classname="br.com.projedata.arcturus.teste.testes.TesteInternacionalizacao">
    <skipped/>
  </testcase> <!-- verificarTelaDeLoginIngles -->
  <testcase name="verificarMensagemErroTraduzidaIngles" time="0.0" classname="br.com.projedata.arcturus.teste.testes.TesteInternacionalizacao">
    <skipped/>
  </testcase> <!-- verificarMensagemErroTraduzidaIngles -->
  <testcase name="verificarMensagemConfirmacaoTraduzidaIngles" time="0.0" classname="br.com.projedata.arcturus.teste.testes.TesteInternacionalizacao">
    <skipped/>
  </testcase> <!-- verificarMensagemConfirmacaoTraduzidaIngles -->
  <testcase name="verificarRelatorioTraduzidoIngles" time="0.0" classname="br.com.projedata.arcturus.teste.testes.TesteInternacionalizacao">
    <skipped/>
  </testcase> <!-- verificarRelatorioTraduzidoIngles -->
  <testcase name="verificarTelaDeLoginEspanhol" time="0.0" classname="br.com.projedata.arcturus.teste.testes.TesteInternacionalizacao">
    <skipped/>
  </testcase> <!-- verificarTelaDeLoginEspanhol -->
  <testcase name="verificarMensagemErroTraduzidaEspanhol" time="0.0" classname="br.com.projedata.arcturus.teste.testes.TesteInternacionalizacao">
    <skipped/>
  </testcase> <!-- verificarMensagemErroTraduzidaEspanhol -->
  <testcase name="verificarMensagemConfirmacaoTraduzidaEspanhol" time="0.0" classname="br.com.projedata.arcturus.teste.testes.TesteInternacionalizacao">
    <skipped/>
  </testcase> <!-- verificarMensagemConfirmacaoTraduzidaEspanhol -->
  <testcase name="verificarRelatorioTraduzidoEspanhol" time="0.0" classname="br.com.projedata.arcturus.teste.testes.TesteInternacionalizacao">
    <skipped/>
  </testcase> <!-- verificarRelatorioTraduzidoEspanhol -->
  <testcase name="enviarEmailRecuperarLogin" time="1.13" classname="br.com.projedata.arcturus.teste.testes.TesteSenhaDeAcesso">
    <failure type="org.openqa.selenium.NoSuchWindowException" message="no such window: target window already closed
from unknown error: web view not found
  (Session info: chrome=66.0.3359.139)
  (Driver info: chromedriver=2.38.552522 (437e6fbedfa8762dec75e2c5b3ddb86763dc9dcb),platform=Linux 4.15.0-39-generic x86_64) (WARNING: The server did not provide any stacktrace information)
Command duration or timeout: 0 milliseconds
Build info: version: &amp;apos;3.14.0&amp;apos;, revision: &amp;apos;aacccce0&amp;apos;, time: &amp;apos;2018-08-02T20:19:58.91Z&amp;apos;
System info: host: &amp;apos;gustavo-184&amp;apos;, ip: &amp;apos;127.0.1.1&amp;apos;, os.name: &amp;apos;Linux&amp;apos;, os.arch: &amp;apos;amd64&amp;apos;, os.version: &amp;apos;4.15.0-39-generic&amp;apos;, java.version: &amp;apos;1.8.0_172&amp;apos;
Driver info: org.openqa.selenium.chrome.ChromeDriver
Capabilities {acceptInsecureCerts: false, acceptSslCerts: false, applicationCacheEnabled: false, browserConnectionEnabled: false, browserName: chrome, chrome: {chromedriverVersion: 2.38.552522 (437e6fbedfa876..., userDataDir: /tmp/.org.chromium.Chromium...}, cssSelectorsEnabled: true, databaseEnabled: false, handlesAlerts: true, hasTouchScreen: false, javascriptEnabled: true, locationContextEnabled: true, mobileEmulationEnabled: false, nativeEvents: true, networkConnectionEnabled: false, pageLoadStrategy: normal, platform: LINUX, platformName: LINUX, rotatable: false, setWindowRect: true, takesHeapSnapshot: true, takesScreenshot: true, unexpectedAlertBehaviour: , unhandledPromptBehavior: , version: 66.0.3359.139, webStorageEnabled: true}
Session ID: dc3efc58521741c3b58f89c7e6c2d035
*** Element info: {Using=id, value=botaoEntrar}">
      <![CDATA[org.openqa.selenium.NoSuchWindowException: no such window: target window already closed
from unknown error: web view not found
  (Session info: chrome=66.0.3359.139)
  (Driver info: chromedriver=2.38.552522 (437e6fbedfa8762dec75e2c5b3ddb86763dc9dcb),platform=Linux 4.15.0-39-generic x86_64) (WARNING: The server did not provide any stacktrace information)
Command duration or timeout: 0 milliseconds
Build info: version: '3.14.0', revision: 'aacccce0', time: '2018-08-02T20:19:58.91Z'
System info: host: 'gustavo-184', ip: '127.0.1.1', os.name: 'Linux', os.arch: 'amd64', os.version: '4.15.0-39-generic', java.version: '1.8.0_172'
Driver info: org.openqa.selenium.chrome.ChromeDriver
Capabilities {acceptInsecureCerts: false, acceptSslCerts: false, applicationCacheEnabled: false, browserConnectionEnabled: false, browserName: chrome, chrome: {chromedriverVersion: 2.38.552522 (437e6fbedfa876..., userDataDir: /tmp/.org.chromium.Chromium...}, cssSelectorsEnabled: true, databaseEnabled: false, handlesAlerts: true, hasTouchScreen: false, javascriptEnabled: true, locationContextEnabled: true, mobileEmulationEnabled: false, nativeEvents: true, networkConnectionEnabled: false, pageLoadStrategy: normal, platform: LINUX, platformName: LINUX, rotatable: false, setWindowRect: true, takesHeapSnapshot: true, takesScreenshot: true, unexpectedAlertBehaviour: , unhandledPromptBehavior: , version: 66.0.3359.139, webStorageEnabled: true}
Session ID: dc3efc58521741c3b58f89c7e6c2d035
*** Element info: {Using=id, value=botaoEntrar}
at org.openqa.selenium.remote.ErrorHandler.createThrowable(ErrorHandler.java:214)
at org.openqa.selenium.remote.ErrorHandler.throwIfResponseFailed(ErrorHandler.java:166)
at org.openqa.selenium.remote.http.JsonHttpResponseCodec.reconstructValue(JsonHttpResponseCodec.java:40)
at org.openqa.selenium.remote.http.AbstractHttpResponseCodec.decode(AbstractHttpResponseCodec.java:80)
at org.openqa.selenium.remote.http.AbstractHttpResponseCodec.decode(AbstractHttpResponseCodec.java:44)
at org.openqa.selenium.remote.HttpCommandExecutor.execute(HttpCommandExecutor.java:158)
at org.openqa.selenium.remote.service.DriverCommandExecutor.execute(DriverCommandExecutor.java:83)
at org.openqa.selenium.remote.RemoteWebDriver.execute(RemoteWebDriver.java:548)
at org.openqa.selenium.remote.RemoteWebDriver.findElement(RemoteWebDriver.java:322)
at org.openqa.selenium.remote.RemoteWebDriver.findElementById(RemoteWebDriver.java:368)
at org.openqa.selenium.By$ById.findElement(By.java:188)
at org.openqa.selenium.remote.RemoteWebDriver.findElement(RemoteWebDriver.java:314)
at br.com.projedata.teste.util.recursos.Acao.localizarElemento(Acao.java:33)
at br.com.projedata.teste.util.recursos.Acao.clicarNoElemento(Acao.java:112)
at br.com.projedata.arcturus.teste.metodosgenericos.LoginMetodos.preencherCamposLogin(LoginMetodos.java:104)
at br.com.projedata.arcturus.teste.metodosgenericos.LoginMetodos.logar(LoginMetodos.java:53)
at br.com.projedata.arcturus.teste.testes.TesteSenhaDeAcesso.enviarEmailRecuperarLogin(TesteSenhaDeAcesso.java:45)
at java.util.concurrent.FutureTask.run(FutureTask.java:266)
at java.util.concurrent.ThreadPoolExecutor.runWorker(ThreadPoolExecutor.java:1149)
at java.util.concurrent.ThreadPoolExecutor$Worker.run(ThreadPoolExecutor.java:624)
at java.lang.Thread.run(Thread.java:748)
... Removed 19 stack frames]]>
    </failure>
  </testcase> <!-- enviarEmailRecuperarLogin -->
  <testcase name="recuperarLoginEnviadoPorEmail" time="0.0" classname="br.com.projedata.arcturus.teste.testes.TesteSenhaDeAcesso">
    <skipped/>
  </testcase> <!-- recuperarLoginEnviadoPorEmail -->
  <testcase name="enviarEmailRecuperarSenha" time="0.0" classname="br.com.projedata.arcturus.teste.testes.TesteSenhaDeAcesso">
    <skipped/>
  </testcase> <!-- enviarEmailRecuperarSenha -->
  <testcase name="acessarUrlrecuperarSenhaEnviadoPorEmail" time="0.0" classname="br.com.projedata.arcturus.teste.testes.TesteSenhaDeAcesso">
    <skipped/>
  </testcase> <!-- acessarUrlrecuperarSenhaEnviadoPorEmail -->
  <testcase name="alterarSenhaUsuarioIncorreto" time="0.0" classname="br.com.projedata.arcturus.teste.testes.TesteSenhaDeAcesso">
    <skipped/>
  </testcase> <!-- alterarSenhaUsuarioIncorreto -->
  <testcase name="senhaConfirmarSenhaDiferentes" time="0.0" classname="br.com.projedata.arcturus.teste.testes.TesteSenhaDeAcesso">
    <skipped/>
  </testcase> <!-- senhaConfirmarSenhaDiferentes -->
  <testcase name="informarSenhaAtual" time="0.0" classname="br.com.projedata.arcturus.teste.testes.TesteSenhaDeAcesso">
    <skipped/>
  </testcase> <!-- informarSenhaAtual -->
  <testcase name="alterarSenhaParaUmaNova" time="0.0" classname="br.com.projedata.arcturus.teste.testes.TesteSenhaDeAcesso">
    <skipped/>
  </testcase> <!-- alterarSenhaParaUmaNova -->
  <testcase name="acessarPortalComNovaSenha" time="0.0" classname="br.com.projedata.arcturus.teste.testes.TesteSenhaDeAcesso">
    <skipped/>
  </testcase> <!-- acessarPortalComNovaSenha -->
  <testcase name="verificaQuantidadeDeLicencas" time="0.0" classname="br.com.projedata.arcturus.teste.testes.TestePortal">
    <ignored/>
  </testcase> <!-- verificaQuantidadeDeLicencas -->
  <testcase name="acessarSistemaComSenhaDiaria" time="0.0" classname="br.com.projedata.arcturus.teste.testes.TesteSenhaDeAcesso">
    <ignored/>
  </testcase> <!-- acessarSistemaComSenhaDiaria -->
</testsuite> <!-- Grupo de teste 4: com usuario 2 não paralelizado -->
