<?xml version="1.0" encoding="UTF-8"?>
<!-- Generated by org.testng.reporters.JUnitXMLReporter -->
<testsuite hostname="gustavo-184" ignored="0" name="Grupo de teste 4: Teste" tests="2" failures="0" timestamp="27 nov 2018 12:35:14 GMT" time="14.346" errors="0">
  <testcase name="abrirParc020" time="3.976" classname="br.com.projedata.arcturus.teste.testes.teste"/>
  <testcase name="testarFiltroPeriodo" time="7.008" classname="br.com.projedata.arcturus.teste.testes.teste"/>
</testsuite> <!-- Grupo de teste 4: Teste -->
