<?xml version="1.0" encoding="UTF-8"?>
<!-- Generated by org.testng.reporters.JUnitXMLReporter -->
<testsuite hostname="gustavo-184" ignored="0" name="Grupo de teste 1: com usuario 1" tests="4" failures="0" timestamp="04 dez 2018 19:27:31 GMT" time="35.443" errors="0">
  <testcase name="abrirParc118" time="8.424" classname="br.com.projedata.arcturus.teste.testes.TesteParc118"/>
  <testcase name="selecionarBaseParaLancarAtualizacao" time="6.275" classname="br.com.projedata.arcturus.teste.testes.TesteParc118"/>
  <testcase name="lancarAtualizacao" time="7.286" classname="br.com.projedata.arcturus.teste.testes.TesteParc118"/>
  <testcase name="verificarAtualizacaoLancada" time="9.856" classname="br.com.projedata.arcturus.teste.testes.TesteParc118"/>
</testsuite> <!-- Grupo de teste 1: com usuario 1 -->
