<?xml version="1.0" encoding="UTF-8"?>
<testng-results skipped="0" failed="0" ignored="0" total="4" passed="4">
  <reporter-output>
  </reporter-output>
  <suite name="Suite" duration-ms="35443" started-at="2018-12-04T19:26:55Z" finished-at="2018-12-04T19:27:31Z">
    <groups>
    </groups>
    <test name="Grupo de teste 3: com usuario 2" duration-ms="9" started-at="2018-12-04T19:26:55Z" finished-at="2018-12-04T19:26:55Z">
    </test> <!-- Grupo de teste 3: com usuario 2 -->
    <test name="Grupo de teste 2: com usuario 1" duration-ms="8" started-at="2018-12-04T19:26:55Z" finished-at="2018-12-04T19:26:55Z">
    </test> <!-- Grupo de teste 2: com usuario 1 -->
    <test name="Grupo de teste 1: com usuario 1" duration-ms="35443" started-at="2018-12-04T19:26:55Z" finished-at="2018-12-04T19:27:31Z">
      <class name="br.com.projedata.arcturus.teste.testes.TesteParc118">
        <test-method status="PASS" signature="configurarTeste(java.lang.String, java.lang.String, java.lang.String)[pri:0, instance:br.com.projedata.arcturus.teste.testes.TesteParc118@17550481]" name="configurarTeste" is-config="true" duration-ms="1720" started-at="2018-12-04T17:26:55Z" finished-at="2018-12-04T17:26:57Z">
          <params>
            <param index="0">
              <value>
                <![CDATA[chrome]]>
              </value>
            </param>
            <param index="1">
              <value>
                <![CDATA[http://arcturus-teste.prj:8881]]>
              </value>
            </param>
            <param index="2">
              <value is-null="true"/>
            </param>
          </params>
          <reporter-output>
          </reporter-output>
        </test-method> <!-- configurarTeste -->
        <test-method status="PASS" signature="abrirParc118(java.lang.String, java.lang.String, java.lang.String)[pri:0, instance:br.com.projedata.arcturus.teste.testes.TesteParc118@17550481]" name="abrirParc118" duration-ms="8424" started-at="2018-12-04T17:26:57Z" finished-at="2018-12-04T17:27:06Z">
          <params>
            <param index="0">
              <value>
                <![CDATA[usuario]]>
              </value>
            </param>
            <param index="1">
              <value>
                <![CDATA[usuario]]>
              </value>
            </param>
            <param index="2">
              <value>
                <![CDATA[desenvolvimento]]>
              </value>
            </param>
          </params>
          <reporter-output>
          </reporter-output>
        </test-method> <!-- abrirParc118 -->
        <test-method status="PASS" signature="selecionarBaseParaLancarAtualizacao()[pri:0, instance:br.com.projedata.arcturus.teste.testes.TesteParc118@17550481]" name="selecionarBaseParaLancarAtualizacao" duration-ms="6275" started-at="2018-12-04T17:27:06Z" depends-on-methods="br.com.projedata.arcturus.teste.testes.TesteParc118.abrirParc118" finished-at="2018-12-04T17:27:12Z">
          <reporter-output>
          </reporter-output>
        </test-method> <!-- selecionarBaseParaLancarAtualizacao -->
        <test-method status="PASS" signature="lancarAtualizacao()[pri:0, instance:br.com.projedata.arcturus.teste.testes.TesteParc118@17550481]" name="lancarAtualizacao" duration-ms="7286" started-at="2018-12-04T17:27:12Z" depends-on-methods="br.com.projedata.arcturus.teste.testes.TesteParc118.selecionarBaseParaLancarAtualizacao" finished-at="2018-12-04T17:27:19Z">
          <reporter-output>
          </reporter-output>
        </test-method> <!-- lancarAtualizacao -->
        <test-method status="PASS" signature="verificarAtualizacaoLancada()[pri:0, instance:br.com.projedata.arcturus.teste.testes.TesteParc118@17550481]" name="verificarAtualizacaoLancada" duration-ms="9856" started-at="2018-12-04T17:27:19Z" depends-on-methods="br.com.projedata.arcturus.teste.testes.TesteParc118.lancarAtualizacao" finished-at="2018-12-04T17:27:29Z">
          <reporter-output>
          </reporter-output>
        </test-method> <!-- verificarAtualizacaoLancada -->
        <test-method status="PASS" signature="fecharDriver()[pri:0, instance:br.com.projedata.arcturus.teste.testes.TesteParc118@17550481]" name="fecharDriver" is-config="true" duration-ms="1865" started-at="2018-12-04T17:27:29Z" finished-at="2018-12-04T17:27:31Z">
          <reporter-output>
          </reporter-output>
        </test-method> <!-- fecharDriver -->
      </class> <!-- br.com.projedata.arcturus.teste.testes.TesteParc118 -->
    </test> <!-- Grupo de teste 1: com usuario 1 -->
  </suite> <!-- Suite -->
</testng-results>
